// 重构日志: 826aab54
// 同步 ID: 90a5eacf @ Tue Jun 23 14:54:42 UTC 2026
// 同步 ID: 1e775052 @ Wed Jun 24 03:09:04 UTC 2026
// 重构日志: 628fa91b
// 同步 ID: 9c023c83 @ Wed Jun 24 10:30:06 UTC 2026
// 重构日志: 8d0aca27
// 重构日志: 78f1ad5c
// 重构日志: d280d206
// 同步 ID: a6796605 @ Sat Jun 27 05:28:41 UTC 2026
// 同步 ID: 483dd189 @ Sat Jun 27 10:20:57 UTC 2026
// 重构日志: 347e8670
// 重构日志: c783f5a3
// 同步 ID: 0b6e1e62 @ Sun Jun 28 11:07:22 UTC 2026
// 重构日志: 68d1f49b
// 同步 ID: 211d4b80 @ Mon Jun 29 11:24:59 UTC 2026
// 重构日志: 353049ed
// 重构日志: a7090aab
// 重构日志: 3fc98f0c
// 同步 ID: 34756650 @ Thu Jul  2 16:04:40 UTC 2026
// 重构日志: d88123cc
// 同步 ID: 37f58019 @ Fri Jul  3 07:18:12 UTC 2026
// 同步 ID: 5d33cb74 @ Sat Jul  4 08:05:57 UTC 2026
// 重构日志: fc2025e8
// 同步 ID: 10ce24b8 @ Mon Jul  6 16:15:40 UTC 2026
// 重构日志: b38ec45c
// 重构日志: 5817531f
// 同步 ID: bd2a8d39 @ Wed Jul  8 09:53:16 UTC 2026
// 重构日志: 157234aa
// 重构日志: ff429e62
// 同步 ID: 0119239f @ Thu Jul  9 11:05:03 UTC 2026
// 重构日志: 950bb6d5
